2026-02-20 19:27:08,304 - [CHAOS] - INFO - ============================================================
2026-02-20 19:27:08,304 - [CHAOS] - INFO - KUBERA TRACE: 10-STAGE CHAOS SIMULATION v2.0
2026-02-20 19:27:08,304 - [CHAOS] - INFO - ============================================================
2026-02-20 19:27:08,305 - [CHAOS] - INFO - >>> Stage 1: Rate Limiter Fuzzing (Thread-Safety + Input Fuzzing)
2026-02-20 19:27:08,324 - [CHAOS] - INFO - Stage 1 Complete.
2026-02-20 19:27:08,324 - [CHAOS] - INFO - >>> Stage 2: Counterfactual AI Fuzzing (Boundary + Type Attacks)
2026-02-20 19:27:08,325 - [CHAOS] - INFO - Stage 2 Complete.
2026-02-20 19:27:08,325 - [CHAOS] - INFO - >>> Stage 3: Consent Manager Concurrency (Race Conditions)
2026-02-20 19:27:08,337 - [CHAOS] - INFO - Final Consent Status: True
2026-02-20 19:27:08,337 - [CHAOS] - INFO - Stage 3 Complete.
2026-02-20 19:27:08,338 - [CHAOS] - INFO - >>> Stage 4: SecureEnclave (Attestation + Encrypt/Decrypt Roundtrip)
2026-02-20 19:27:08,342 - [CHAOS] - INFO - Stage 4 Complete.
2026-02-20 19:27:08,342 - [CHAOS] - INFO - >>> Stage 5: AuditLedger (Write + Verify Integrity)
2026-02-20 19:27:08,398 - [CHAOS] - INFO - Stage 5 Complete.
2026-02-20 19:27:08,399 - [CHAOS] - INFO - >>> Stage 6: PolicySimulator (Division-by-Zero + Edge Values)
2026-02-20 19:27:08,399 - [CHAOS] - INFO - Stage 6 Complete.
2026-02-20 19:27:08,400 - [CHAOS] - INFO - >>> Stage 7: EnrichmentHub (Cache Stampede + PII Detection)
2026-02-20 19:27:08,406 - [CHAOS] - INFO - Stage 7 Complete.
2026-02-20 19:27:08,406 - [CHAOS] - INFO - >>> Stage 8: GDPRWorkflow (Concurrent SAR + Deletion + Legal Hold)
2026-02-20 19:27:08,414 - [CHAOS] - INFO - Stage 8 Complete.
2026-02-20 19:27:08,414 - [CHAOS] - INFO - >>> Stage 9: ThirdPartySandbox (Registration + Scope Escalation)
2026-02-20 19:27:08,415 - [CHAOS] - INFO - Stage 9 Complete.
2026-02-20 19:27:08,415 - [CHAOS] - INFO - >>> Stage 10: OPA + Explainability + Lineage + Schema (Cross-Module)
2026-02-20 19:27:08,415 - [CHAOS] - INFO - Stage 10 Complete.
2026-02-20 19:27:08,415 - [CHAOS] - INFO - ============================================================
2026-02-20 19:27:08,416 - [CHAOS] - INFO - SIMULATION REPORT
2026-02-20 19:27:08,417 - [CHAOS] - INFO - ============================================================
2026-02-20 19:27:08,417 - [CHAOS] - INFO - Total Tests Executed: 711
2026-02-20 19:27:08,417 - [CHAOS] - INFO - Execution Time: 0.11s
2026-02-20 19:27:08,417 - [CHAOS] - INFO - SUCCESS: All 10 stages passed. Zero crashes. Zero logic errors.
